2024-11-16 00:31:41,611 INFO  [pool-1-thread-1] com.khubla.telnet.nvt.iac.command.NewEnvironIAICCommandHandlerImpl: Received IAC DONT newenviron
2024-11-16 00:31:41,644 INFO  [pool-1-thread-1] com.khubla.telnet.nvt.iac.command.TermtypeIACCommandHandlerImpl: Received IAC SB Termtype
2024-11-16 00:31:41,645 INFO  [pool-1-thread-1] com.khubla.telnet.nvt.iac.command.TermtypeIACCommandHandlerImpl: Remote terminal termtype is: VT100
2024-11-16 00:32:02,672 INFO  [main] com.khubla.telnet.TelnetServer: Accepted connection from: /10.66.23.97
2024-11-16 00:32:02,680 INFO  [pool-1-thread-2] com.khubla.telnet.nvt.iac.command.BinaryIAICCommandHandlerImpl: Received IAC DONT binary
2024-11-16 00:32:02,680 INFO  [pool-1-thread-2] com.khubla.telnet.nvt.iac.command.SGIACCommandHandlerImpl: Received IAC WONT SG
2024-11-16 00:32:02,681 INFO  [pool-1-thread-2] com.khubla.telnet.nvt.iac.command.EchoIAICCommandHandlerImpl: Received IAC DONT echo
2024-11-16 00:32:02,681 INFO  [pool-1-thread-2] com.khubla.telnet.nvt.iac.command.LineModeIAICCommandHandlerImpl: Received IAC WONT linemode
2024-11-16 00:32:02,681 INFO  [pool-1-thread-2] com.khubla.telnet.nvt.iac.command.EnvvarIAICCommandHandlerImpl: Received IAC WONT envvar
2024-11-16 00:32:02,681 INFO  [pool-1-thread-2] com.khubla.telnet.nvt.iac.command.TermtypeIACCommandHandlerImpl: Received IAC WILL Termtype
2024-11-16 00:32:02,682 INFO  [pool-1-thread-2] com.khubla.telnet.nvt.iac.command.EORIAICCommandHandlerImpl: Received IAC WONT EOR
2024-11-16 00:32:02,682 INFO  [pool-1-thread-2] com.khubla.telnet.nvt.iac.command.TN3270RegimeIAICCommandHandlerImpl: Received IAC WONT 3270-regime
2024-11-16 00:32:02,682 INFO  [pool-1-thread-2] com.khubla.telnet.nvt.iac.command.TermspeedIACCommandHandlerImpl: Received IAC WONT Termspeed
2024-11-16 00:32:02,682 INFO  [pool-1-thread-2] com.khubla.telnet.nvt.iac.command.WinsizeIAICCommandHandlerImpl: Received IAC WONT winsize
2024-11-16 00:32:02,682 INFO  [pool-1-thread-2] com.khubla.telnet.nvt.iac.command.TN3270EIAICCommandHandlerImpl: Received IAC WONT 3270E
2024-11-16 00:32:02,683 INFO  [pool-1-thread-2] com.khubla.telnet.nvt.iac.command.CharsetIAICCommandHandlerImpl: Received IAC DONT charset
2024-11-16 00:32:02,683 INFO  [pool-1-thread-2] com.khubla.telnet.nvt.iac.command.ExtendedASCIIIAICCommandHandlerImpl: Received IAC DONT extended ascii
2024-11-16 00:32:02,683 INFO  [pool-1-thread-2] com.khubla.telnet.nvt.iac.command.NewEnvironIAICCommandHandlerImpl: Received IAC DONT newenviron
2024-11-16 00:32:02,722 INFO  [pool-1-thread-2] com.khubla.telnet.nvt.iac.command.TermtypeIACCommandHandlerImpl: Received IAC SB Termtype
2024-11-16 00:32:02,723 INFO  [pool-1-thread-2] com.khubla.telnet.nvt.iac.command.TermtypeIACCommandHandlerImpl: Remote terminal termtype is: VT100
2024-11-16 00:32:53,140 INFO  [main] com.khubla.telnet.TelnetServer: Telnet server listening on port: 23
2024-11-16 00:32:55,057 INFO  [main] com.khubla.telnet.TelnetServer: Accepted connection from: /10.66.23.97
2024-11-16 00:32:55,072 INFO  [pool-1-thread-1] com.khubla.telnet.nvt.iac.command.BinaryIAICCommandHandlerImpl: Received IAC DONT binary
2024-11-16 00:32:55,073 INFO  [pool-1-thread-1] com.khubla.telnet.nvt.iac.command.SGIACCommandHandlerImpl: Received IAC WONT SG
2024-11-16 00:32:55,073 INFO  [pool-1-thread-1] com.khubla.telnet.nvt.iac.command.EchoIAICCommandHandlerImpl: Received IAC DONT echo
2024-11-16 00:32:55,073 INFO  [pool-1-thread-1] com.khubla.telnet.nvt.iac.command.LineModeIAICCommandHandlerImpl: Received IAC WONT linemode
2024-11-16 00:32:55,074 INFO  [pool-1-thread-1] com.khubla.telnet.nvt.iac.command.EnvvarIAICCommandHandlerImpl: Received IAC WONT envvar
2024-11-16 00:32:55,074 INFO  [pool-1-thread-1] com.khubla.telnet.nvt.iac.command.TermtypeIACCommandHandlerImpl: Received IAC WILL Termtype
2024-11-16 00:32:55,075 INFO  [pool-1-thread-1] com.khubla.telnet.nvt.iac.command.EORIAICCommandHandlerImpl: Received IAC WONT EOR
2024-11-16 00:32:55,076 INFO  [pool-1-thread-1] com.khubla.telnet.nvt.iac.command.TN3270RegimeIAICCommandHandlerImpl: Received IAC WONT 3270-regime
2024-11-16 00:32:55,076 INFO  [pool-1-thread-1] com.khubla.telnet.nvt.iac.command.TermspeedIACCommandHandlerImpl: Received IAC WONT Termspeed
2024-11-16 00:32:55,076 INFO  [pool-1-thread-1] com.khubla.telnet.nvt.iac.command.WinsizeIAICCommandHandlerImpl: Received IAC WONT winsize
2024-11-16 00:32:55,076 INFO  [pool-1-thread-1] com.khubla.telnet.nvt.iac.command.TN3270EIAICCommandHandlerImpl: Received IAC WONT 3270E
2024-11-16 00:32:55,077 INFO  [pool-1-thread-1] com.khubla.telnet.nvt.iac.command.CharsetIAICCommandHandlerImpl: Received IAC DONT charset
2024-11-16 00:32:55,077 INFO  [pool-1-thread-1] com.khubla.telnet.nvt.iac.command.ExtendedASCIIIAICCommandHandlerImpl: Received IAC DONT extended ascii
2024-11-16 00:32:55,077 INFO  [pool-1-thread-1] com.khubla.telnet.nvt.iac.command.NewEnvironIAICCommandHandlerImpl: Received IAC DONT newenviron
2024-11-16 00:32:55,110 INFO  [pool-1-thread-1] com.khubla.telnet.nvt.iac.command.TermtypeIACCommandHandlerImpl: Received IAC SB Termtype
2024-11-16 00:32:55,111 INFO  [pool-1-thread-1] com.khubla.telnet.nvt.iac.command.TermtypeIACCommandHandlerImpl: Remote terminal termtype is: VT100
2024-11-16 00:33:06,305 INFO  [main] com.khubla.telnet.TelnetServer: Accepted connection from: /10.66.23.97
2024-11-16 00:33:06,307 INFO  [pool-1-thread-2] com.khubla.telnet.nvt.iac.command.BinaryIAICCommandHandlerImpl: Received IAC DONT binary
2024-11-16 00:33:06,307 INFO  [pool-1-thread-2] com.khubla.telnet.nvt.iac.command.SGIACCommandHandlerImpl: Received IAC WONT SG
2024-11-16 00:33:06,307 INFO  [pool-1-thread-2] com.khubla.telnet.nvt.iac.command.EchoIAICCommandHandlerImpl: Received IAC DONT echo
2024-11-16 00:33:06,308 INFO  [pool-1-thread-2] com.khubla.telnet.nvt.iac.command.LineModeIAICCommandHandlerImpl: Received IAC WONT linemode
2024-11-16 00:33:06,308 INFO  [pool-1-thread-2] com.khubla.telnet.nvt.iac.command.EnvvarIAICCommandHandlerImpl: Received IAC WONT envvar
2024-11-16 00:33:06,308 INFO  [pool-1-thread-2] com.khubla.telnet.nvt.iac.command.TermtypeIACCommandHandlerImpl: Received IAC WILL Termtype
2024-11-16 00:33:06,308 INFO  [pool-1-thread-2] com.khubla.telnet.nvt.iac.command.EORIAICCommandHandlerImpl: Received IAC WONT EOR
2024-11-16 00:33:06,309 INFO  [pool-1-thread-2] com.khubla.telnet.nvt.iac.command.TN3270RegimeIAICCommandHandlerImpl: Received IAC WONT 3270-regime
2024-11-16 00:33:06,309 INFO  [pool-1-thread-2] com.khubla.telnet.nvt.iac.command.TermspeedIACCommandHandlerImpl: Received IAC WONT Termspeed
2024-11-16 00:33:06,309 INFO  [pool-1-thread-2] com.khubla.telnet.nvt.iac.command.WinsizeIAICCommandHandlerImpl: Received IAC WONT winsize
2024-11-16 00:33:06,309 INFO  [pool-1-thread-2] com.khubla.telnet.nvt.iac.command.TN3270EIAICCommandHandlerImpl: Received IAC WONT 3270E
2024-11-16 00:33:06,309 INFO  [pool-1-thread-2] com.khubla.telnet.nvt.iac.command.CharsetIAICCommandHandlerImpl: Received IAC DONT charset
2024-11-16 00:33:06,309 INFO  [pool-1-thread-2] com.khubla.telnet.nvt.iac.command.ExtendedASCIIIAICCommandHandlerImpl: Received IAC DONT extended ascii
2024-11-16 00:33:06,310 INFO  [pool-1-thread-2] com.khubla.telnet.nvt.iac.command.NewEnvironIAICCommandHandlerImpl: Received IAC DONT newenviron
2024-11-16 00:33:06,347 INFO  [pool-1-thread-2] com.khubla.telnet.nvt.iac.command.TermtypeIACCommandHandlerImpl: Received IAC SB Termtype
2024-11-16 00:33:06,348 INFO  [pool-1-thread-2] com.khubla.telnet.nvt.iac.command.TermtypeIACCommandHandlerImpl: Remote terminal termtype is: VT100
2024-11-16 00:33:21,835 INFO  [main] com.khubla.telnet.TelnetServer: Telnet server listening on port: 23
2024-11-16 00:36:07,593 INFO  [main] com.khubla.telnet.TelnetServer: Accepted connection from: /10.66.23.99
2024-11-16 00:36:07,812 INFO  [pool-1-thread-1] com.khubla.telnet.nvt.iac.command.BinaryIAICCommandHandlerImpl: Received IAC DONT binary
2024-11-16 00:36:07,812 INFO  [pool-1-thread-1] com.khubla.telnet.nvt.iac.command.SGIACCommandHandlerImpl: Received IAC WONT SG
2024-11-16 00:36:07,813 INFO  [pool-1-thread-1] com.khubla.telnet.nvt.iac.command.EchoIAICCommandHandlerImpl: Received IAC DONT echo
2024-11-16 00:36:07,813 INFO  [pool-1-thread-1] com.khubla.telnet.nvt.iac.command.LineModeIAICCommandHandlerImpl: Received IAC WONT linemode
2024-11-16 00:36:07,814 INFO  [pool-1-thread-1] com.khubla.telnet.nvt.iac.command.EnvvarIAICCommandHandlerImpl: Received IAC WONT envvar
2024-11-16 00:36:07,814 INFO  [pool-1-thread-1] com.khubla.telnet.nvt.iac.command.TermtypeIACCommandHandlerImpl: Received IAC WILL Termtype
2024-11-16 00:36:07,815 INFO  [pool-1-thread-1] com.khubla.telnet.nvt.iac.command.EORIAICCommandHandlerImpl: Received IAC WONT EOR
2024-11-16 00:36:07,815 INFO  [pool-1-thread-1] com.khubla.telnet.nvt.iac.command.TN3270RegimeIAICCommandHandlerImpl: Received IAC WONT 3270-regime
2024-11-16 00:36:07,816 INFO  [pool-1-thread-1] com.khubla.telnet.nvt.iac.command.TermspeedIACCommandHandlerImpl: Received IAC WONT Termspeed
2024-11-16 00:36:07,816 INFO  [pool-1-thread-1] com.khubla.telnet.nvt.iac.command.WinsizeIAICCommandHandlerImpl: Received IAC WONT winsize
2024-11-16 00:36:07,816 INFO  [pool-1-thread-1] com.khubla.telnet.nvt.iac.command.TN3270EIAICCommandHandlerImpl: Received IAC WONT 3270E
2024-11-16 00:36:07,817 INFO  [pool-1-thread-1] com.khubla.telnet.nvt.iac.command.CharsetIAICCommandHandlerImpl: Received IAC DONT charset
2024-11-16 00:36:07,817 INFO  [pool-1-thread-1] com.khubla.telnet.nvt.iac.command.ExtendedASCIIIAICCommandHandlerImpl: Received IAC DONT extended ascii
2024-11-16 00:36:07,817 INFO  [pool-1-thread-1] com.khubla.telnet.nvt.iac.command.NewEnvironIAICCommandHandlerImpl: Received IAC DONT newenviron
2024-11-16 00:36:07,819 INFO  [pool-1-thread-1] com.khubla.telnet.nvt.iac.command.TermtypeIACCommandHandlerImpl: Received IAC WILL Termtype
2024-11-16 00:36:07,820 INFO  [pool-1-thread-1] com.khubla.telnet.nvt.iac.command.TermtypeIACCommandHandlerImpl: Received IAC SB Termtype
2024-11-16 00:36:07,820 INFO  [pool-1-thread-1] com.khubla.telnet.nvt.iac.command.TermtypeIACCommandHandlerImpl: Remote terminal termtype is: SYNAPSE
2024-11-16 00:36:08,083 INFO  [pool-1-thread-1] com.khubla.telnet.nvt.iac.command.TermtypeIACCommandHandlerImpl: Received IAC WILL Termtype
2024-11-16 00:36:08,084 INFO  [pool-1-thread-1] com.khubla.telnet.nvt.iac.command.TermtypeIACCommandHandlerImpl: Received IAC SB Termtype
2024-11-16 00:36:08,085 INFO  [pool-1-thread-1] com.khubla.telnet.nvt.iac.command.TermtypeIACCommandHandlerImpl: Remote terminal termtype is: SYNAPSE
2024-11-16 00:36:08,089 INFO  [pool-1-thread-1] com.khubla.telnet.nvt.iac.command.TermtypeIACCommandHandlerImpl: Received IAC WILL Termtype
2024-11-16 00:36:08,090 INFO  [pool-1-thread-1] com.khubla.telnet.nvt.iac.command.TermtypeIACCommandHandlerImpl: Received IAC SB Termtype
2024-11-16 00:36:08,091 INFO  [pool-1-thread-1] com.khubla.telnet.nvt.iac.command.TermtypeIACCommandHandlerImpl: Remote terminal termtype is: SYNAPSE
2024-11-16 00:36:08,331 INFO  [pool-1-thread-1] com.khubla.telnet.nvt.iac.command.TermtypeIACCommandHandlerImpl: Received IAC WILL Termtype
2024-11-16 00:36:08,332 INFO  [pool-1-thread-1] com.khubla.telnet.nvt.iac.command.TermtypeIACCommandHandlerImpl: Received IAC SB Termtype
2024-11-16 00:36:08,333 INFO  [pool-1-thread-1] com.khubla.telnet.nvt.iac.command.TermtypeIACCommandHandlerImpl: Remote terminal termtype is: SYNAPSE
2024-11-16 00:36:08,339 INFO  [pool-1-thread-1] com.khubla.telnet.nvt.iac.command.TermtypeIACCommandHandlerImpl: Received IAC WILL Termtype
2024-11-16 00:36:08,340 INFO  [pool-1-thread-1] com.khubla.telnet.nvt.iac.command.TermtypeIACCommandHandlerImpl: Received IAC SB Termtype
2024-11-16 00:36:08,340 INFO  [pool-1-thread-1] com.khubla.telnet.nvt.iac.command.TermtypeIACCommandHandlerImpl: Remote terminal termtype is: SYNAPSE
2024-11-16 00:36:08,580 INFO  [pool-1-thread-1] com.khubla.telnet.nvt.iac.command.TermtypeIACCommandHandlerImpl: Received IAC WILL Termtype
2024-11-16 00:36:08,581 INFO  [pool-1-thread-1] com.khubla.telnet.nvt.iac.command.TermtypeIACCommandHandlerImpl: Received IAC SB Termtype
2024-11-16 00:36:08,582 INFO  [pool-1-thread-1] com.khubla.telnet.nvt.iac.command.TermtypeIACCommandHandlerImpl: Remote terminal termtype is: SYNAPSE
2024-11-16 00:36:08,583 INFO  [pool-1-thread-1] com.khubla.telnet.nvt.iac.command.TermtypeIACCommandHandlerImpl: Received IAC WILL Termtype
2024-11-16 00:36:08,584 INFO  [pool-1-thread-1] com.khubla.telnet.nvt.iac.command.TermtypeIACCommandHandlerImpl: Received IAC SB Termtype
2024-11-16 00:36:08,584 INFO  [pool-1-thread-1] com.khubla.telnet.nvt.iac.command.TermtypeIACCommandHandlerImpl: Remote terminal termtype is: SYNAPSE
2024-11-16 00:36:08,701 INFO  [pool-1-thread-1] com.khubla.telnet.nvt.iac.command.TermtypeIACCommandHandlerImpl: Received IAC WILL Termtype
2024-11-16 00:38:14,273 INFO  [main] com.khubla.telnet.TelnetServer: Telnet server listening on port: 23
2024-11-16 00:40:55,278 INFO  [main] com.khubla.telnet.TelnetServer: Accepted connection from: /10.66.23.99
2024-11-16 00:40:55,480 INFO  [pool-1-thread-1] com.khubla.telnet.nvt.iac.command.BinaryIAICCommandHandlerImpl: Received IAC DONT binary
2024-11-16 00:40:55,480 INFO  [pool-1-thread-1] com.khubla.telnet.nvt.iac.command.SGIACCommandHandlerImpl: Received IAC WONT SG
2024-11-16 00:40:55,481 INFO  [pool-1-thread-1] com.khubla.telnet.nvt.iac.command.EchoIAICCommandHandlerImpl: Received IAC DONT echo
2024-11-16 00:40:55,481 INFO  [pool-1-thread-1] com.khubla.telnet.nvt.iac.command.LineModeIAICCommandHandlerImpl: Received IAC WONT linemode
2024-11-16 00:40:55,481 INFO  [pool-1-thread-1] com.khubla.telnet.nvt.iac.command.EnvvarIAICCommandHandlerImpl: Received IAC WONT envvar
2024-11-16 00:40:55,482 INFO  [pool-1-thread-1] com.khubla.telnet.nvt.iac.command.TermtypeIACCommandHandlerImpl: Received IAC WILL Termtype
2024-11-16 00:40:55,483 INFO  [pool-1-thread-1] com.khubla.telnet.nvt.iac.command.EORIAICCommandHandlerImpl: Received IAC WONT EOR
2024-11-16 00:40:55,483 INFO  [pool-1-thread-1] com.khubla.telnet.nvt.iac.command.TN3270RegimeIAICCommandHandlerImpl: Received IAC WONT 3270-regime
2024-11-16 00:40:55,484 INFO  [pool-1-thread-1] com.khubla.telnet.nvt.iac.command.TermspeedIACCommandHandlerImpl: Received IAC WONT Termspeed
2024-11-16 00:40:55,484 INFO  [pool-1-thread-1] com.khubla.telnet.nvt.iac.command.WinsizeIAICCommandHandlerImpl: Received IAC WONT winsize
2024-11-16 00:40:55,485 INFO  [pool-1-thread-1] com.khubla.telnet.nvt.iac.command.TN3270EIAICCommandHandlerImpl: Received IAC WONT 3270E
2024-11-16 00:40:55,485 INFO  [pool-1-thread-1] com.khubla.telnet.nvt.iac.command.CharsetIAICCommandHandlerImpl: Received IAC DONT charset
2024-11-16 00:40:55,486 INFO  [pool-1-thread-1] com.khubla.telnet.nvt.iac.command.ExtendedASCIIIAICCommandHandlerImpl: Received IAC DONT extended ascii
2024-11-16 00:40:55,524 INFO  [pool-1-thread-1] com.khubla.telnet.nvt.iac.command.NewEnvironIAICCommandHandlerImpl: Received IAC DONT newenviron
2024-11-16 00:40:55,525 INFO  [pool-1-thread-1] com.khubla.telnet.nvt.iac.command.TermtypeIACCommandHandlerImpl: Received IAC WILL Termtype
2024-11-16 00:40:55,526 INFO  [pool-1-thread-1] com.khubla.telnet.nvt.iac.command.TermtypeIACCommandHandlerImpl: Received IAC SB Termtype
2024-11-16 00:40:55,527 INFO  [pool-1-thread-1] com.khubla.telnet.nvt.iac.command.TermtypeIACCommandHandlerImpl: Remote terminal termtype is: SYNAPSE
2024-11-16 00:40:55,747 INFO  [pool-1-thread-1] com.khubla.telnet.nvt.iac.command.TermtypeIACCommandHandlerImpl: Received IAC WILL Termtype
2024-11-16 00:40:55,748 INFO  [pool-1-thread-1] com.khubla.telnet.nvt.iac.command.TermtypeIACCommandHandlerImpl: Received IAC SB Termtype
2024-11-16 00:40:55,749 INFO  [pool-1-thread-1] com.khubla.telnet.nvt.iac.command.TermtypeIACCommandHandlerImpl: Remote terminal termtype is: SYNAPSE
2024-11-16 00:40:55,776 INFO  [pool-1-thread-1] com.khubla.telnet.nvt.iac.command.TermtypeIACCommandHandlerImpl: Received IAC WILL Termtype
2024-11-16 00:40:55,777 INFO  [pool-1-thread-1] com.khubla.telnet.nvt.iac.command.TermtypeIACCommandHandlerImpl: Received IAC SB Termtype
2024-11-16 00:40:55,777 INFO  [pool-1-thread-1] com.khubla.telnet.nvt.iac.command.TermtypeIACCommandHandlerImpl: Remote terminal termtype is: SYNAPSE
2024-11-16 00:40:55,807 INFO  [pool-1-thread-1] com.khubla.telnet.nvt.iac.command.TermtypeIACCommandHandlerImpl: Received IAC WILL Termtype
2024-11-16 00:40:55,809 INFO  [pool-1-thread-1] com.khubla.telnet.nvt.iac.command.TermtypeIACCommandHandlerImpl: Received IAC SB Termtype
2024-11-16 00:40:55,810 INFO  [pool-1-thread-1] com.khubla.telnet.nvt.iac.command.TermtypeIACCommandHandlerImpl: Remote terminal termtype is: SYNAPSE
2024-11-16 00:40:55,822 INFO  [pool-1-thread-1] com.khubla.telnet.nvt.iac.command.TermtypeIACCommandHandlerImpl: Received IAC WILL Termtype
2024-11-16 00:40:55,823 INFO  [pool-1-thread-1] com.khubla.telnet.nvt.iac.command.TermtypeIACCommandHandlerImpl: Received IAC SB Termtype
2024-11-16 00:40:55,823 INFO  [pool-1-thread-1] com.khubla.telnet.nvt.iac.command.TermtypeIACCommandHandlerImpl: Remote terminal termtype is: SYNAPSE
2024-11-16 00:44:00,620 INFO  [main] com.khubla.telnet.TelnetServer: Telnet server listening on port: 23
2024-11-16 00:52:54,044 INFO  [main] com.khubla.telnet.TelnetServer: Accepted connection from: /10.66.23.99
2024-11-16 00:52:54,273 INFO  [pool-1-thread-1] com.khubla.telnet.nvt.iac.command.BinaryIAICCommandHandlerImpl: Received IAC DONT binary
2024-11-16 00:52:54,274 INFO  [pool-1-thread-1] com.khubla.telnet.nvt.iac.command.SGIACCommandHandlerImpl: Received IAC WONT SG
2024-11-16 00:52:54,275 INFO  [pool-1-thread-1] com.khubla.telnet.nvt.iac.command.EchoIAICCommandHandlerImpl: Received IAC DONT echo
2024-11-16 00:52:54,275 INFO  [pool-1-thread-1] com.khubla.telnet.nvt.iac.command.LineModeIAICCommandHandlerImpl: Received IAC WONT linemode
2024-11-16 00:52:54,276 INFO  [pool-1-thread-1] com.khubla.telnet.nvt.iac.command.EnvvarIAICCommandHandlerImpl: Received IAC WONT envvar
2024-11-16 00:52:54,276 INFO  [pool-1-thread-1] com.khubla.telnet.nvt.iac.command.TermtypeIACCommandHandlerImpl: Received IAC WILL Termtype
2024-11-16 00:52:54,277 INFO  [pool-1-thread-1] com.khubla.telnet.nvt.iac.command.EORIAICCommandHandlerImpl: Received IAC WONT EOR
2024-11-16 00:52:54,278 INFO  [pool-1-thread-1] com.khubla.telnet.nvt.iac.command.TN3270RegimeIAICCommandHandlerImpl: Received IAC WONT 3270-regime
2024-11-16 00:52:54,278 INFO  [pool-1-thread-1] com.khubla.telnet.nvt.iac.command.TermspeedIACCommandHandlerImpl: Received IAC WONT Termspeed
2024-11-16 00:52:54,278 INFO  [pool-1-thread-1] com.khubla.telnet.nvt.iac.command.WinsizeIAICCommandHandlerImpl: Received IAC WONT winsize
2024-11-16 00:52:54,279 INFO  [pool-1-thread-1] com.khubla.telnet.nvt.iac.command.TN3270EIAICCommandHandlerImpl: Received IAC WONT 3270E
2024-11-16 00:52:54,279 INFO  [pool-1-thread-1] com.khubla.telnet.nvt.iac.command.CharsetIAICCommandHandlerImpl: Received IAC DONT charset
2024-11-16 00:52:54,279 INFO  [pool-1-thread-1] com.khubla.telnet.nvt.iac.command.ExtendedASCIIIAICCommandHandlerImpl: Received IAC DONT extended ascii
2024-11-16 00:52:54,279 INFO  [pool-1-thread-1] com.khubla.telnet.nvt.iac.command.NewEnvironIAICCommandHandlerImpl: Received IAC DONT newenviron
2024-11-16 00:52:54,282 INFO  [pool-1-thread-1] com.khubla.telnet.nvt.iac.command.TermtypeIACCommandHandlerImpl: Received IAC WILL Termtype
2024-11-16 00:52:54,283 INFO  [pool-1-thread-1] com.khubla.telnet.nvt.iac.command.TermtypeIACCommandHandlerImpl: Received IAC SB Termtype
2024-11-16 00:52:54,284 INFO  [pool-1-thread-1] com.khubla.telnet.nvt.iac.command.TermtypeIACCommandHandlerImpl: Remote terminal termtype is: SYNAPSE
2024-11-16 00:52:54,315 INFO  [pool-1-thread-1] com.khubla.telnet.nvt.iac.command.TermtypeIACCommandHandlerImpl: Received IAC WILL Termtype
2024-11-16 00:52:54,316 INFO  [pool-1-thread-1] com.khubla.telnet.nvt.iac.command.TermtypeIACCommandHandlerImpl: Received IAC SB Termtype
2024-11-16 00:52:54,317 INFO  [pool-1-thread-1] com.khubla.telnet.nvt.iac.command.TermtypeIACCommandHandlerImpl: Remote terminal termtype is: SYNAPSE
2024-11-16 00:52:54,361 INFO  [pool-1-thread-1] com.khubla.telnet.nvt.iac.command.TermtypeIACCommandHandlerImpl: Received IAC WILL Termtype
2024-11-16 00:52:54,362 INFO  [pool-1-thread-1] com.khubla.telnet.nvt.iac.command.TermtypeIACCommandHandlerImpl: Received IAC SB Termtype
2024-11-16 00:52:54,363 INFO  [pool-1-thread-1] com.khubla.telnet.nvt.iac.command.TermtypeIACCommandHandlerImpl: Remote terminal termtype is: SYNAPSE
2024-11-16 00:52:54,406 INFO  [pool-1-thread-1] com.khubla.telnet.nvt.iac.command.TermtypeIACCommandHandlerImpl: Received IAC WILL Termtype
2024-11-16 00:52:54,407 INFO  [pool-1-thread-1] com.khubla.telnet.nvt.iac.command.TermtypeIACCommandHandlerImpl: Received IAC SB Termtype
2024-11-16 00:52:54,407 INFO  [pool-1-thread-1] com.khubla.telnet.nvt.iac.command.TermtypeIACCommandHandlerImpl: Remote terminal termtype is: SYNAPSE
2024-11-16 00:52:54,444 INFO  [pool-1-thread-1] com.khubla.telnet.nvt.iac.command.TermtypeIACCommandHandlerImpl: Received IAC WILL Termtype
2024-11-16 00:52:54,445 INFO  [pool-1-thread-1] com.khubla.telnet.nvt.iac.command.TermtypeIACCommandHandlerImpl: Received IAC SB Termtype
2024-11-16 00:52:54,445 INFO  [pool-1-thread-1] com.khubla.telnet.nvt.iac.command.TermtypeIACCommandHandlerImpl: Remote terminal termtype is: SYNAPSE
2024-11-16 00:57:31,491 INFO  [main] com.khubla.telnet.TelnetServer: Telnet server listening on port: 23
2024-11-16 00:57:37,255 INFO  [main] com.khubla.telnet.TelnetServer: Telnet server listening on port: 23
2024-11-16 00:59:34,222 INFO  [main] com.khubla.telnet.TelnetServer: Accepted connection from: /10.66.23.99
2024-11-16 00:59:34,436 INFO  [pool-1-thread-1] com.khubla.telnet.nvt.iac.command.BinaryIAICCommandHandlerImpl: Received IAC DONT binary
2024-11-16 00:59:34,436 INFO  [pool-1-thread-1] com.khubla.telnet.nvt.iac.command.SGIACCommandHandlerImpl: Received IAC WONT SG
2024-11-16 00:59:34,437 INFO  [pool-1-thread-1] com.khubla.telnet.nvt.iac.command.EchoIAICCommandHandlerImpl: Received IAC DONT echo
2024-11-16 00:59:34,437 INFO  [pool-1-thread-1] com.khubla.telnet.nvt.iac.command.LineModeIAICCommandHandlerImpl: Received IAC WONT linemode
2024-11-16 00:59:34,437 INFO  [pool-1-thread-1] com.khubla.telnet.nvt.iac.command.EnvvarIAICCommandHandlerImpl: Received IAC WONT envvar
2024-11-16 00:59:34,438 INFO  [pool-1-thread-1] com.khubla.telnet.nvt.iac.command.TermtypeIACCommandHandlerImpl: Received IAC WILL Termtype
2024-11-16 00:59:34,439 INFO  [pool-1-thread-1] com.khubla.telnet.nvt.iac.command.EORIAICCommandHandlerImpl: Received IAC WONT EOR
2024-11-16 00:59:34,440 INFO  [pool-1-thread-1] com.khubla.telnet.nvt.iac.command.TN3270RegimeIAICCommandHandlerImpl: Received IAC WONT 3270-regime
2024-11-16 00:59:34,440 INFO  [pool-1-thread-1] com.khubla.telnet.nvt.iac.command.TermspeedIACCommandHandlerImpl: Received IAC WONT Termspeed
2024-11-16 00:59:34,440 INFO  [pool-1-thread-1] com.khubla.telnet.nvt.iac.command.WinsizeIAICCommandHandlerImpl: Received IAC WONT winsize
2024-11-16 00:59:34,441 INFO  [pool-1-thread-1] com.khubla.telnet.nvt.iac.command.TN3270EIAICCommandHandlerImpl: Received IAC WONT 3270E
2024-11-16 00:59:34,441 INFO  [pool-1-thread-1] com.khubla.telnet.nvt.iac.command.CharsetIAICCommandHandlerImpl: Received IAC DONT charset
2024-11-16 00:59:34,441 INFO  [pool-1-thread-1] com.khubla.telnet.nvt.iac.command.ExtendedASCIIIAICCommandHandlerImpl: Received IAC DONT extended ascii
2024-11-16 00:59:34,442 INFO  [pool-1-thread-1] com.khubla.telnet.nvt.iac.command.NewEnvironIAICCommandHandlerImpl: Received IAC DONT newenviron
2024-11-16 00:59:34,447 INFO  [pool-1-thread-1] com.khubla.telnet.nvt.iac.command.TermtypeIACCommandHandlerImpl: Received IAC WILL Termtype
2024-11-16 00:59:34,448 INFO  [pool-1-thread-1] com.khubla.telnet.nvt.iac.command.TermtypeIACCommandHandlerImpl: Received IAC SB Termtype
2024-11-16 00:59:34,449 INFO  [pool-1-thread-1] com.khubla.telnet.nvt.iac.command.TermtypeIACCommandHandlerImpl: Remote terminal termtype is: SYNAPSE
2024-11-16 00:59:34,470 INFO  [pool-1-thread-1] com.khubla.telnet.nvt.iac.command.TermtypeIACCommandHandlerImpl: Received IAC WILL Termtype
2024-11-16 00:59:34,579 INFO  [pool-1-thread-1] com.khubla.telnet.nvt.iac.command.TermtypeIACCommandHandlerImpl: Received IAC SB Termtype
2024-11-16 00:59:34,580 INFO  [pool-1-thread-1] com.khubla.telnet.nvt.iac.command.TermtypeIACCommandHandlerImpl: Remote terminal termtype is: SYNAPSE
2024-11-16 00:59:34,704 INFO  [pool-1-thread-1] com.khubla.telnet.nvt.iac.command.TermtypeIACCommandHandlerImpl: Received IAC WILL Termtype
2024-11-16 00:59:34,705 INFO  [pool-1-thread-1] com.khubla.telnet.nvt.iac.command.TermtypeIACCommandHandlerImpl: Received IAC SB Termtype
2024-11-16 00:59:34,706 INFO  [pool-1-thread-1] com.khubla.telnet.nvt.iac.command.TermtypeIACCommandHandlerImpl: Remote terminal termtype is: SYNAPSE
2024-11-16 00:59:34,810 INFO  [pool-1-thread-1] com.khubla.telnet.nvt.iac.command.TermtypeIACCommandHandlerImpl: Received IAC WILL Termtype
2024-11-16 00:59:34,810 INFO  [pool-1-thread-1] com.khubla.telnet.nvt.iac.command.TermtypeIACCommandHandlerImpl: Received IAC SB Termtype
2024-11-16 00:59:34,811 INFO  [pool-1-thread-1] com.khubla.telnet.nvt.iac.command.TermtypeIACCommandHandlerImpl: Remote terminal termtype is: SYNAPSE
2024-11-16 00:59:34,917 INFO  [pool-1-thread-1] com.khubla.telnet.nvt.iac.command.TermtypeIACCommandHandlerImpl: Received IAC WILL Termtype
2024-11-16 00:59:34,917 INFO  [pool-1-thread-1] com.khubla.telnet.nvt.iac.command.TermtypeIACCommandHandlerImpl: Received IAC SB Termtype
2024-11-16 00:59:34,918 INFO  [pool-1-thread-1] com.khubla.telnet.nvt.iac.command.TermtypeIACCommandHandlerImpl: Remote terminal termtype is: SYNAPSE
2024-11-16 01:04:47,303 INFO  [main] com.khubla.telnet.TelnetServer: Telnet server listening on port: 23
2024-11-16 01:06:28,209 INFO  [main] com.khubla.telnet.TelnetServer: Accepted connection from: /10.66.23.99
2024-11-16 01:06:28,417 INFO  [pool-1-thread-1] com.khubla.telnet.nvt.iac.command.BinaryIAICCommandHandlerImpl: Received IAC DONT binary
2024-11-16 01:06:28,418 INFO  [pool-1-thread-1] com.khubla.telnet.nvt.iac.command.SGIACCommandHandlerImpl: Received IAC WONT SG
2024-11-16 01:06:28,418 INFO  [pool-1-thread-1] com.khubla.telnet.nvt.iac.command.EchoIAICCommandHandlerImpl: Received IAC DONT echo
2024-11-16 01:06:28,419 INFO  [pool-1-thread-1] com.khubla.telnet.nvt.iac.command.LineModeIAICCommandHandlerImpl: Received IAC WONT linemode
2024-11-16 01:06:28,419 INFO  [pool-1-thread-1] com.khubla.telnet.nvt.iac.command.EnvvarIAICCommandHandlerImpl: Received IAC WONT envvar
2024-11-16 01:06:28,419 INFO  [pool-1-thread-1] com.khubla.telnet.nvt.iac.command.TermtypeIACCommandHandlerImpl: Received IAC WILL Termtype
2024-11-16 01:06:28,420 INFO  [pool-1-thread-1] com.khubla.telnet.nvt.iac.command.EORIAICCommandHandlerImpl: Received IAC WONT EOR
2024-11-16 01:06:28,421 INFO  [pool-1-thread-1] com.khubla.telnet.nvt.iac.command.TN3270RegimeIAICCommandHandlerImpl: Received IAC WONT 3270-regime
2024-11-16 01:06:28,421 INFO  [pool-1-thread-1] com.khubla.telnet.nvt.iac.command.TermspeedIACCommandHandlerImpl: Received IAC WONT Termspeed
2024-11-16 01:06:28,421 INFO  [pool-1-thread-1] com.khubla.telnet.nvt.iac.command.WinsizeIAICCommandHandlerImpl: Received IAC WONT winsize
2024-11-16 01:06:28,422 INFO  [pool-1-thread-1] com.khubla.telnet.nvt.iac.command.TN3270EIAICCommandHandlerImpl: Received IAC WONT 3270E
2024-11-16 01:06:28,422 INFO  [pool-1-thread-1] com.khubla.telnet.nvt.iac.command.CharsetIAICCommandHandlerImpl: Received IAC DONT charset
2024-11-16 01:06:28,422 INFO  [pool-1-thread-1] com.khubla.telnet.nvt.iac.command.ExtendedASCIIIAICCommandHandlerImpl: Received IAC DONT extended ascii
2024-11-16 01:06:28,461 INFO  [pool-1-thread-1] com.khubla.telnet.nvt.iac.command.NewEnvironIAICCommandHandlerImpl: Received IAC DONT newenviron
2024-11-16 01:06:28,462 INFO  [pool-1-thread-1] com.khubla.telnet.nvt.iac.command.TermtypeIACCommandHandlerImpl: Received IAC WILL Termtype
2024-11-16 01:06:28,463 INFO  [pool-1-thread-1] com.khubla.telnet.nvt.iac.command.TermtypeIACCommandHandlerImpl: Received IAC SB Termtype
2024-11-16 01:06:28,464 INFO  [pool-1-thread-1] com.khubla.telnet.nvt.iac.command.TermtypeIACCommandHandlerImpl: Remote terminal termtype is: SYNAPSE
2024-11-16 01:06:28,683 INFO  [pool-1-thread-1] com.khubla.telnet.nvt.iac.command.TermtypeIACCommandHandlerImpl: Received IAC WILL Termtype
2024-11-16 01:06:28,684 INFO  [pool-1-thread-1] com.khubla.telnet.nvt.iac.command.TermtypeIACCommandHandlerImpl: Received IAC SB Termtype
2024-11-16 01:06:28,685 INFO  [pool-1-thread-1] com.khubla.telnet.nvt.iac.command.TermtypeIACCommandHandlerImpl: Remote terminal termtype is: SYNAPSE
2024-11-16 01:06:28,689 INFO  [pool-1-thread-1] com.khubla.telnet.nvt.iac.command.TermtypeIACCommandHandlerImpl: Received IAC WILL Termtype
2024-11-16 01:06:28,690 INFO  [pool-1-thread-1] com.khubla.telnet.nvt.iac.command.TermtypeIACCommandHandlerImpl: Received IAC SB Termtype
2024-11-16 01:06:28,691 INFO  [pool-1-thread-1] com.khubla.telnet.nvt.iac.command.TermtypeIACCommandHandlerImpl: Remote terminal termtype is: SYNAPSE
2024-11-16 01:06:28,916 INFO  [pool-1-thread-1] com.khubla.telnet.nvt.iac.command.TermtypeIACCommandHandlerImpl: Received IAC WILL Termtype
2024-11-16 01:06:28,917 INFO  [pool-1-thread-1] com.khubla.telnet.nvt.iac.command.TermtypeIACCommandHandlerImpl: Received IAC SB Termtype
2024-11-16 01:06:28,918 INFO  [pool-1-thread-1] com.khubla.telnet.nvt.iac.command.TermtypeIACCommandHandlerImpl: Remote terminal termtype is: SYNAPSE
2024-11-16 01:06:28,924 INFO  [pool-1-thread-1] com.khubla.telnet.nvt.iac.command.TermtypeIACCommandHandlerImpl: Received IAC WILL Termtype
2024-11-16 01:06:28,924 INFO  [pool-1-thread-1] com.khubla.telnet.nvt.iac.command.TermtypeIACCommandHandlerImpl: Received IAC SB Termtype
2024-11-16 01:06:28,925 INFO  [pool-1-thread-1] com.khubla.telnet.nvt.iac.command.TermtypeIACCommandHandlerImpl: Remote terminal termtype is: SYNAPSE
2024-11-16 01:06:29,119 INFO  [pool-1-thread-1] com.khubla.telnet.nvt.iac.command.TermtypeIACCommandHandlerImpl: Received IAC WILL Termtype
2024-11-16 01:06:29,120 INFO  [pool-1-thread-1] com.khubla.telnet.nvt.iac.command.TermtypeIACCommandHandlerImpl: Received IAC SB Termtype
2024-11-16 01:06:29,120 INFO  [pool-1-thread-1] com.khubla.telnet.nvt.iac.command.TermtypeIACCommandHandlerImpl: Remote terminal termtype is: SYNAPSE
2024-11-16 01:06:29,121 INFO  [pool-1-thread-1] com.khubla.telnet.nvt.iac.command.TermtypeIACCommandHandlerImpl: Received IAC WILL Termtype
2024-11-16 01:06:29,122 INFO  [pool-1-thread-1] com.khubla.telnet.nvt.iac.command.TermtypeIACCommandHandlerImpl: Received IAC SB Termtype
2024-11-16 01:06:29,122 INFO  [pool-1-thread-1] com.khubla.telnet.nvt.iac.command.TermtypeIACCommandHandlerImpl: Remote terminal termtype is: SYNAPSE
2024-11-16 01:06:29,322 INFO  [pool-1-thread-1] com.khubla.telnet.nvt.iac.command.TermtypeIACCommandHandlerImpl: Received IAC WILL Termtype
2024-11-16 01:06:29,322 INFO  [pool-1-thread-1] com.khubla.telnet.nvt.iac.command.TermtypeIACCommandHandlerImpl: Received IAC SB Termtype
2024-11-16 01:06:29,323 INFO  [pool-1-thread-1] com.khubla.telnet.nvt.iac.command.TermtypeIACCommandHandlerImpl: Remote terminal termtype is: SYNAPSE
2024-11-16 01:42:25,280 INFO  [main] com.khubla.telnet.TelnetServer: Telnet server listening on port: 23
2024-11-16 01:42:45,682 INFO  [main] com.khubla.telnet.TelnetServer: Telnet server listening on port: 23
2024-11-16 01:44:11,721 INFO  [main] com.khubla.telnet.TelnetServer: Telnet server listening on port: 23
2024-11-16 01:47:10,876 INFO  [main] com.khubla.telnet.TelnetServer: Telnet server listening on port: 23
2024-11-16 01:47:28,366 INFO  [main] com.khubla.telnet.TelnetServer: Telnet server listening on port: 23
2024-11-16 01:48:26,880 INFO  [main] com.khubla.telnet.TelnetServer: Telnet server listening on port: 23
2024-11-21 10:33:27,908 ERROR [main] com.khubla.telnet.TelnetServer: Отказано в доступе
java.net.BindException: Отказано в доступе
	at java.base/sun.nio.ch.Net.bind0(Native Method)
	at java.base/sun.nio.ch.Net.bind(Net.java:555)
	at java.base/sun.nio.ch.Net.bind(Net.java:544)
	at java.base/sun.nio.ch.NioSocketImpl.bind(NioSocketImpl.java:629)
	at java.base/java.net.ServerSocket.bind(ServerSocket.java:393)
	at java.base/java.net.ServerSocket.<init>(ServerSocket.java:275)
	at java.base/java.net.ServerSocket.<init>(ServerSocket.java:168)
	at com.khubla.telnet.TelnetServer.run(TelnetServer.java:64)
	at ru.levkopo.barsik.emu.MainKt.main(main.kt:113)
	at ru.levkopo.barsik.emu.MainKt.main(main.kt)
2024-11-21 10:43:02,551 ERROR [main] com.khubla.telnet.TelnetServer: Отказано в доступе
java.net.BindException: Отказано в доступе
	at java.base/sun.nio.ch.Net.bind0(Native Method)
	at java.base/sun.nio.ch.Net.bind(Net.java:555)
	at java.base/sun.nio.ch.Net.bind(Net.java:544)
	at java.base/sun.nio.ch.NioSocketImpl.bind(NioSocketImpl.java:629)
	at java.base/java.net.ServerSocket.bind(ServerSocket.java:393)
	at java.base/java.net.ServerSocket.<init>(ServerSocket.java:275)
	at java.base/java.net.ServerSocket.<init>(ServerSocket.java:168)
	at com.khubla.telnet.TelnetServer.run(TelnetServer.java:64)
	at ru.levkopo.barsik.emu.MainKt.main(main.kt:113)
	at ru.levkopo.barsik.emu.MainKt.main(main.kt)
2024-11-21 10:50:09,973 ERROR [main] com.khubla.telnet.TelnetServer: Отказано в доступе
java.net.BindException: Отказано в доступе
	at java.base/sun.nio.ch.Net.bind0(Native Method)
	at java.base/sun.nio.ch.Net.bind(Net.java:555)
	at java.base/sun.nio.ch.Net.bind(Net.java:544)
	at java.base/sun.nio.ch.NioSocketImpl.bind(NioSocketImpl.java:629)
	at java.base/java.net.ServerSocket.bind(ServerSocket.java:393)
	at java.base/java.net.ServerSocket.<init>(ServerSocket.java:275)
	at java.base/java.net.ServerSocket.<init>(ServerSocket.java:168)
	at com.khubla.telnet.TelnetServer.run(TelnetServer.java:64)
	at ru.levkopo.barsik.emu.MainKt.main(main.kt:113)
	at ru.levkopo.barsik.emu.MainKt.main(main.kt)
2024-11-21 10:50:47,430 ERROR [main] com.khubla.telnet.TelnetServer: Отказано в доступе
java.net.BindException: Отказано в доступе
	at java.base/sun.nio.ch.Net.bind0(Native Method)
	at java.base/sun.nio.ch.Net.bind(Net.java:555)
	at java.base/sun.nio.ch.Net.bind(Net.java:544)
	at java.base/sun.nio.ch.NioSocketImpl.bind(NioSocketImpl.java:629)
	at java.base/java.net.ServerSocket.bind(ServerSocket.java:393)
	at java.base/java.net.ServerSocket.<init>(ServerSocket.java:275)
	at java.base/java.net.ServerSocket.<init>(ServerSocket.java:168)
	at com.khubla.telnet.TelnetServer.run(TelnetServer.java:64)
	at ru.levkopo.barsik.emu.MainKt.main(main.kt:113)
	at ru.levkopo.barsik.emu.MainKt.main(main.kt)
2024-11-21 10:50:58,502 ERROR [main] com.khubla.telnet.TelnetServer: Отказано в доступе
java.net.BindException: Отказано в доступе
	at java.base/sun.nio.ch.Net.bind0(Native Method)
	at java.base/sun.nio.ch.Net.bind(Net.java:555)
	at java.base/sun.nio.ch.Net.bind(Net.java:544)
	at java.base/sun.nio.ch.NioSocketImpl.bind(NioSocketImpl.java:629)
	at java.base/java.net.ServerSocket.bind(ServerSocket.java:393)
	at java.base/java.net.ServerSocket.<init>(ServerSocket.java:275)
	at java.base/java.net.ServerSocket.<init>(ServerSocket.java:168)
	at com.khubla.telnet.TelnetServer.run(TelnetServer.java:64)
	at ru.levkopo.barsik.emu.MainKt.main(main.kt:113)
	at ru.levkopo.barsik.emu.MainKt.main(main.kt)
2024-11-21 10:51:16,975 ERROR [main] com.khubla.telnet.TelnetServer: Отказано в доступе
java.net.BindException: Отказано в доступе
	at java.base/sun.nio.ch.Net.bind0(Native Method)
	at java.base/sun.nio.ch.Net.bind(Net.java:555)
	at java.base/sun.nio.ch.Net.bind(Net.java:544)
	at java.base/sun.nio.ch.NioSocketImpl.bind(NioSocketImpl.java:629)
	at java.base/java.net.ServerSocket.bind(ServerSocket.java:393)
	at java.base/java.net.ServerSocket.<init>(ServerSocket.java:275)
	at java.base/java.net.ServerSocket.<init>(ServerSocket.java:168)
	at com.khubla.telnet.TelnetServer.run(TelnetServer.java:64)
	at ru.levkopo.barsik.emu.MainKt.main(main.kt:113)
	at ru.levkopo.barsik.emu.MainKt.main(main.kt)
2024-11-21 10:52:05,388 ERROR [main] com.khubla.telnet.TelnetServer: Отказано в доступе
java.net.BindException: Отказано в доступе
	at java.base/sun.nio.ch.Net.bind0(Native Method)
	at java.base/sun.nio.ch.Net.bind(Net.java:555)
	at java.base/sun.nio.ch.Net.bind(Net.java:544)
	at java.base/sun.nio.ch.NioSocketImpl.bind(NioSocketImpl.java:629)
	at java.base/java.net.ServerSocket.bind(ServerSocket.java:393)
	at java.base/java.net.ServerSocket.<init>(ServerSocket.java:275)
	at java.base/java.net.ServerSocket.<init>(ServerSocket.java:168)
	at com.khubla.telnet.TelnetServer.run(TelnetServer.java:64)
	at ru.levkopo.barsik.emu.MainKt.main(main.kt:116)
	at ru.levkopo.barsik.emu.MainKt.main(main.kt)
2024-11-21 10:55:55,854 ERROR [main] com.khubla.telnet.TelnetServer: Отказано в доступе
java.net.BindException: Отказано в доступе
	at java.base/sun.nio.ch.Net.bind0(Native Method)
	at java.base/sun.nio.ch.Net.bind(Net.java:555)
	at java.base/sun.nio.ch.Net.bind(Net.java:544)
	at java.base/sun.nio.ch.NioSocketImpl.bind(NioSocketImpl.java:629)
	at java.base/java.net.ServerSocket.bind(ServerSocket.java:393)
	at java.base/java.net.ServerSocket.<init>(ServerSocket.java:275)
	at java.base/java.net.ServerSocket.<init>(ServerSocket.java:168)
	at com.khubla.telnet.TelnetServer.run(TelnetServer.java:64)
	at ru.levkopo.barsik.emu.MainKt.main(main.kt:124)
	at ru.levkopo.barsik.emu.MainKt.main(main.kt)
2024-11-21 10:58:38,349 ERROR [main] com.khubla.telnet.TelnetServer: Отказано в доступе
java.net.BindException: Отказано в доступе
	at java.base/sun.nio.ch.Net.bind0(Native Method)
	at java.base/sun.nio.ch.Net.bind(Net.java:555)
	at java.base/sun.nio.ch.Net.bind(Net.java:544)
	at java.base/sun.nio.ch.NioSocketImpl.bind(NioSocketImpl.java:629)
	at java.base/java.net.ServerSocket.bind(ServerSocket.java:393)
	at java.base/java.net.ServerSocket.<init>(ServerSocket.java:275)
	at java.base/java.net.ServerSocket.<init>(ServerSocket.java:168)
	at com.khubla.telnet.TelnetServer.run(TelnetServer.java:64)
	at ru.levkopo.barsik.emu.MainKt.main(main.kt:126)
	at ru.levkopo.barsik.emu.MainKt.main(main.kt)
2024-11-21 11:01:14,927 ERROR [main] com.khubla.telnet.TelnetServer: Отказано в доступе
java.net.BindException: Отказано в доступе
	at java.base/sun.nio.ch.Net.bind0(Native Method)
	at java.base/sun.nio.ch.Net.bind(Net.java:555)
	at java.base/sun.nio.ch.Net.bind(Net.java:544)
	at java.base/sun.nio.ch.NioSocketImpl.bind(NioSocketImpl.java:629)
	at java.base/java.net.ServerSocket.bind(ServerSocket.java:393)
	at java.base/java.net.ServerSocket.<init>(ServerSocket.java:275)
	at java.base/java.net.ServerSocket.<init>(ServerSocket.java:168)
	at com.khubla.telnet.TelnetServer.run(TelnetServer.java:64)
	at ru.levkopo.barsik.emu.MainKt.main(main.kt:128)
	at ru.levkopo.barsik.emu.MainKt.main(main.kt)
2024-11-21 11:15:21,293 ERROR [main] com.khubla.telnet.TelnetServer: Отказано в доступе
java.net.BindException: Отказано в доступе
	at java.base/sun.nio.ch.Net.bind0(Native Method)
	at java.base/sun.nio.ch.Net.bind(Net.java:555)
	at java.base/sun.nio.ch.Net.bind(Net.java:544)
	at java.base/sun.nio.ch.NioSocketImpl.bind(NioSocketImpl.java:629)
	at java.base/java.net.ServerSocket.bind(ServerSocket.java:393)
	at java.base/java.net.ServerSocket.<init>(ServerSocket.java:275)
	at java.base/java.net.ServerSocket.<init>(ServerSocket.java:168)
	at com.khubla.telnet.TelnetServer.run(TelnetServer.java:64)
	at ru.levkopo.barsik.emu.MainKt.main(main.kt:128)
	at ru.levkopo.barsik.emu.MainKt.main(main.kt)
2024-11-21 11:18:49,456 ERROR [main] com.khubla.telnet.TelnetServer: Отказано в доступе
java.net.BindException: Отказано в доступе
	at java.base/sun.nio.ch.Net.bind0(Native Method)
	at java.base/sun.nio.ch.Net.bind(Net.java:555)
	at java.base/sun.nio.ch.Net.bind(Net.java:544)
	at java.base/sun.nio.ch.NioSocketImpl.bind(NioSocketImpl.java:629)
	at java.base/java.net.ServerSocket.bind(ServerSocket.java:393)
	at java.base/java.net.ServerSocket.<init>(ServerSocket.java:275)
	at java.base/java.net.ServerSocket.<init>(ServerSocket.java:168)
	at com.khubla.telnet.TelnetServer.run(TelnetServer.java:64)
	at ru.levkopo.barsik.emu.MainKt.main(main.kt:128)
	at ru.levkopo.barsik.emu.MainKt.main(main.kt)
2024-11-21 11:22:17,953 ERROR [main] com.khubla.telnet.TelnetServer: Отказано в доступе
java.net.BindException: Отказано в доступе
	at java.base/sun.nio.ch.Net.bind0(Native Method)
	at java.base/sun.nio.ch.Net.bind(Net.java:555)
	at java.base/sun.nio.ch.Net.bind(Net.java:544)
	at java.base/sun.nio.ch.NioSocketImpl.bind(NioSocketImpl.java:629)
	at java.base/java.net.ServerSocket.bind(ServerSocket.java:393)
	at java.base/java.net.ServerSocket.<init>(ServerSocket.java:275)
	at java.base/java.net.ServerSocket.<init>(ServerSocket.java:168)
	at com.khubla.telnet.TelnetServer.run(TelnetServer.java:64)
	at ru.levkopo.barsik.emu.MainKt.main(main.kt:128)
	at ru.levkopo.barsik.emu.MainKt.main(main.kt)
2024-11-21 11:22:50,035 ERROR [main] com.khubla.telnet.TelnetServer: Отказано в доступе
java.net.BindException: Отказано в доступе
	at java.base/sun.nio.ch.Net.bind0(Native Method)
	at java.base/sun.nio.ch.Net.bind(Net.java:555)
	at java.base/sun.nio.ch.Net.bind(Net.java:544)
	at java.base/sun.nio.ch.NioSocketImpl.bind(NioSocketImpl.java:629)
	at java.base/java.net.ServerSocket.bind(ServerSocket.java:393)
	at java.base/java.net.ServerSocket.<init>(ServerSocket.java:275)
	at java.base/java.net.ServerSocket.<init>(ServerSocket.java:168)
	at com.khubla.telnet.TelnetServer.run(TelnetServer.java:64)
	at ru.levkopo.barsik.emu.MainKt.main(main.kt:128)
	at ru.levkopo.barsik.emu.MainKt.main(main.kt)
2024-11-21 12:10:23,696 ERROR [main] com.khubla.telnet.TelnetServer: Отказано в доступе
java.net.BindException: Отказано в доступе
	at java.base/sun.nio.ch.Net.bind0(Native Method)
	at java.base/sun.nio.ch.Net.bind(Net.java:555)
	at java.base/sun.nio.ch.Net.bind(Net.java:544)
	at java.base/sun.nio.ch.NioSocketImpl.bind(NioSocketImpl.java:629)
	at java.base/java.net.ServerSocket.bind(ServerSocket.java:393)
	at java.base/java.net.ServerSocket.<init>(ServerSocket.java:275)
	at java.base/java.net.ServerSocket.<init>(ServerSocket.java:168)
	at com.khubla.telnet.TelnetServer.run(TelnetServer.java:64)
	at ru.levkopo.barsik.emu.MainKt.main(main.kt:137)
	at ru.levkopo.barsik.emu.MainKt.main(main.kt)
2024-11-21 12:11:15,454 ERROR [main] com.khubla.telnet.TelnetServer: Отказано в доступе
java.net.BindException: Отказано в доступе
	at java.base/sun.nio.ch.Net.bind0(Native Method)
	at java.base/sun.nio.ch.Net.bind(Net.java:555)
	at java.base/sun.nio.ch.Net.bind(Net.java:544)
	at java.base/sun.nio.ch.NioSocketImpl.bind(NioSocketImpl.java:629)
	at java.base/java.net.ServerSocket.bind(ServerSocket.java:393)
	at java.base/java.net.ServerSocket.<init>(ServerSocket.java:275)
	at java.base/java.net.ServerSocket.<init>(ServerSocket.java:168)
	at com.khubla.telnet.TelnetServer.run(TelnetServer.java:64)
	at ru.levkopo.barsik.emu.MainKt.main(main.kt:138)
	at ru.levkopo.barsik.emu.MainKt.main(main.kt)
2024-11-21 12:18:51,117 ERROR [main] com.khubla.telnet.TelnetServer: Отказано в доступе
java.net.BindException: Отказано в доступе
	at java.base/sun.nio.ch.Net.bind0(Native Method)
	at java.base/sun.nio.ch.Net.bind(Net.java:555)
	at java.base/sun.nio.ch.Net.bind(Net.java:544)
	at java.base/sun.nio.ch.NioSocketImpl.bind(NioSocketImpl.java:629)
	at java.base/java.net.ServerSocket.bind(ServerSocket.java:393)
	at java.base/java.net.ServerSocket.<init>(ServerSocket.java:275)
	at java.base/java.net.ServerSocket.<init>(ServerSocket.java:168)
	at com.khubla.telnet.TelnetServer.run(TelnetServer.java:64)
	at ru.levkopo.barsik.emu.MainKt.main(main.kt:151)
	at ru.levkopo.barsik.emu.MainKt.main(main.kt)
2024-11-21 12:22:43,631 ERROR [main] com.khubla.telnet.TelnetServer: Отказано в доступе
java.net.BindException: Отказано в доступе
	at java.base/sun.nio.ch.Net.bind0(Native Method)
	at java.base/sun.nio.ch.Net.bind(Net.java:555)
	at java.base/sun.nio.ch.Net.bind(Net.java:544)
	at java.base/sun.nio.ch.NioSocketImpl.bind(NioSocketImpl.java:629)
	at java.base/java.net.ServerSocket.bind(ServerSocket.java:393)
	at java.base/java.net.ServerSocket.<init>(ServerSocket.java:275)
	at java.base/java.net.ServerSocket.<init>(ServerSocket.java:168)
	at com.khubla.telnet.TelnetServer.run(TelnetServer.java:64)
	at ru.levkopo.barsik.emu.MainKt.main(main.kt:156)
	at ru.levkopo.barsik.emu.MainKt.main(main.kt)
2024-11-21 12:22:53,647 ERROR [main] com.khubla.telnet.TelnetServer: Отказано в доступе
java.net.BindException: Отказано в доступе
	at java.base/sun.nio.ch.Net.bind0(Native Method)
	at java.base/sun.nio.ch.Net.bind(Net.java:555)
	at java.base/sun.nio.ch.Net.bind(Net.java:544)
	at java.base/sun.nio.ch.NioSocketImpl.bind(NioSocketImpl.java:629)
	at java.base/java.net.ServerSocket.bind(ServerSocket.java:393)
	at java.base/java.net.ServerSocket.<init>(ServerSocket.java:275)
	at java.base/java.net.ServerSocket.<init>(ServerSocket.java:168)
	at com.khubla.telnet.TelnetServer.run(TelnetServer.java:64)
	at ru.levkopo.barsik.emu.MainKt.main(main.kt:161)
	at ru.levkopo.barsik.emu.MainKt.main(main.kt)
2024-11-21 12:23:00,590 ERROR [main] com.khubla.telnet.TelnetServer: Отказано в доступе
java.net.BindException: Отказано в доступе
	at java.base/sun.nio.ch.Net.bind0(Native Method)
	at java.base/sun.nio.ch.Net.bind(Net.java:555)
	at java.base/sun.nio.ch.Net.bind(Net.java:544)
	at java.base/sun.nio.ch.NioSocketImpl.bind(NioSocketImpl.java:629)
	at java.base/java.net.ServerSocket.bind(ServerSocket.java:393)
	at java.base/java.net.ServerSocket.<init>(ServerSocket.java:275)
	at java.base/java.net.ServerSocket.<init>(ServerSocket.java:168)
	at com.khubla.telnet.TelnetServer.run(TelnetServer.java:64)
	at ru.levkopo.barsik.emu.MainKt.main(main.kt:166)
	at ru.levkopo.barsik.emu.MainKt.main(main.kt)
2024-11-21 12:23:29,964 ERROR [main] com.khubla.telnet.TelnetServer: Отказано в доступе
java.net.BindException: Отказано в доступе
	at java.base/sun.nio.ch.Net.bind0(Native Method)
	at java.base/sun.nio.ch.Net.bind(Net.java:555)
	at java.base/sun.nio.ch.Net.bind(Net.java:544)
	at java.base/sun.nio.ch.NioSocketImpl.bind(NioSocketImpl.java:629)
	at java.base/java.net.ServerSocket.bind(ServerSocket.java:393)
	at java.base/java.net.ServerSocket.<init>(ServerSocket.java:275)
	at java.base/java.net.ServerSocket.<init>(ServerSocket.java:168)
	at com.khubla.telnet.TelnetServer.run(TelnetServer.java:64)
	at ru.levkopo.barsik.emu.MainKt.main(main.kt:160)
	at ru.levkopo.barsik.emu.MainKt.main(main.kt)
2024-11-21 12:23:46,161 ERROR [main] com.khubla.telnet.TelnetServer: Отказано в доступе
java.net.BindException: Отказано в доступе
	at java.base/sun.nio.ch.Net.bind0(Native Method)
	at java.base/sun.nio.ch.Net.bind(Net.java:555)
	at java.base/sun.nio.ch.Net.bind(Net.java:544)
	at java.base/sun.nio.ch.NioSocketImpl.bind(NioSocketImpl.java:629)
	at java.base/java.net.ServerSocket.bind(ServerSocket.java:393)
	at java.base/java.net.ServerSocket.<init>(ServerSocket.java:275)
	at java.base/java.net.ServerSocket.<init>(ServerSocket.java:168)
	at com.khubla.telnet.TelnetServer.run(TelnetServer.java:64)
	at ru.levkopo.barsik.emu.MainKt.main(main.kt:162)
	at ru.levkopo.barsik.emu.MainKt.main(main.kt)
2024-11-21 12:24:40,137 ERROR [main] com.khubla.telnet.TelnetServer: Отказано в доступе
java.net.BindException: Отказано в доступе
	at java.base/sun.nio.ch.Net.bind0(Native Method)
	at java.base/sun.nio.ch.Net.bind(Net.java:555)
	at java.base/sun.nio.ch.Net.bind(Net.java:544)
	at java.base/sun.nio.ch.NioSocketImpl.bind(NioSocketImpl.java:629)
	at java.base/java.net.ServerSocket.bind(ServerSocket.java:393)
	at java.base/java.net.ServerSocket.<init>(ServerSocket.java:275)
	at java.base/java.net.ServerSocket.<init>(ServerSocket.java:168)
	at com.khubla.telnet.TelnetServer.run(TelnetServer.java:64)
	at ru.levkopo.barsik.emu.MainKt.main(main.kt:168)
	at ru.levkopo.barsik.emu.MainKt.main(main.kt)
2024-11-21 12:25:24,661 ERROR [main] com.khubla.telnet.TelnetServer: Отказано в доступе
java.net.BindException: Отказано в доступе
	at java.base/sun.nio.ch.Net.bind0(Native Method)
	at java.base/sun.nio.ch.Net.bind(Net.java:555)
	at java.base/sun.nio.ch.Net.bind(Net.java:544)
	at java.base/sun.nio.ch.NioSocketImpl.bind(NioSocketImpl.java:629)
	at java.base/java.net.ServerSocket.bind(ServerSocket.java:393)
	at java.base/java.net.ServerSocket.<init>(ServerSocket.java:275)
	at java.base/java.net.ServerSocket.<init>(ServerSocket.java:168)
	at com.khubla.telnet.TelnetServer.run(TelnetServer.java:64)
	at ru.levkopo.barsik.emu.MainKt.main(main.kt:168)
	at ru.levkopo.barsik.emu.MainKt.main(main.kt)
2024-11-21 12:25:47,052 ERROR [main] com.khubla.telnet.TelnetServer: Отказано в доступе
java.net.BindException: Отказано в доступе
	at java.base/sun.nio.ch.Net.bind0(Native Method)
	at java.base/sun.nio.ch.Net.bind(Net.java:555)
	at java.base/sun.nio.ch.Net.bind(Net.java:544)
	at java.base/sun.nio.ch.NioSocketImpl.bind(NioSocketImpl.java:629)
	at java.base/java.net.ServerSocket.bind(ServerSocket.java:393)
	at java.base/java.net.ServerSocket.<init>(ServerSocket.java:275)
	at java.base/java.net.ServerSocket.<init>(ServerSocket.java:168)
	at com.khubla.telnet.TelnetServer.run(TelnetServer.java:64)
	at ru.levkopo.barsik.emu.MainKt.main(main.kt:168)
	at ru.levkopo.barsik.emu.MainKt.main(main.kt)
2024-11-21 12:25:55,604 ERROR [main] com.khubla.telnet.TelnetServer: Отказано в доступе
java.net.BindException: Отказано в доступе
	at java.base/sun.nio.ch.Net.bind0(Native Method)
	at java.base/sun.nio.ch.Net.bind(Net.java:555)
	at java.base/sun.nio.ch.Net.bind(Net.java:544)
	at java.base/sun.nio.ch.NioSocketImpl.bind(NioSocketImpl.java:629)
	at java.base/java.net.ServerSocket.bind(ServerSocket.java:393)
	at java.base/java.net.ServerSocket.<init>(ServerSocket.java:275)
	at java.base/java.net.ServerSocket.<init>(ServerSocket.java:168)
	at com.khubla.telnet.TelnetServer.run(TelnetServer.java:64)
	at ru.levkopo.barsik.emu.MainKt.main(main.kt:168)
	at ru.levkopo.barsik.emu.MainKt.main(main.kt)
2024-11-21 12:26:24,197 ERROR [main] com.khubla.telnet.TelnetServer: Отказано в доступе
java.net.BindException: Отказано в доступе
	at java.base/sun.nio.ch.Net.bind0(Native Method)
	at java.base/sun.nio.ch.Net.bind(Net.java:555)
	at java.base/sun.nio.ch.Net.bind(Net.java:544)
	at java.base/sun.nio.ch.NioSocketImpl.bind(NioSocketImpl.java:629)
	at java.base/java.net.ServerSocket.bind(ServerSocket.java:393)
	at java.base/java.net.ServerSocket.<init>(ServerSocket.java:275)
	at java.base/java.net.ServerSocket.<init>(ServerSocket.java:168)
	at com.khubla.telnet.TelnetServer.run(TelnetServer.java:64)
	at ru.levkopo.barsik.emu.MainKt.main(main.kt:168)
	at ru.levkopo.barsik.emu.MainKt.main(main.kt)
2024-11-21 13:04:55,411 ERROR [main] com.khubla.telnet.TelnetServer: Отказано в доступе
java.net.BindException: Отказано в доступе
	at java.base/sun.nio.ch.Net.bind0(Native Method)
	at java.base/sun.nio.ch.Net.bind(Net.java:555)
	at java.base/sun.nio.ch.Net.bind(Net.java:544)
	at java.base/sun.nio.ch.NioSocketImpl.bind(NioSocketImpl.java:629)
	at java.base/java.net.ServerSocket.bind(ServerSocket.java:393)
	at java.base/java.net.ServerSocket.<init>(ServerSocket.java:275)
	at java.base/java.net.ServerSocket.<init>(ServerSocket.java:168)
	at com.khubla.telnet.TelnetServer.run(TelnetServer.java:64)
	at ru.levkopo.barsik.emu.MainKt.main(main.kt:171)
	at ru.levkopo.barsik.emu.MainKt.main(main.kt)
2024-11-21 13:10:31,579 ERROR [main] com.khubla.telnet.TelnetServer: Отказано в доступе
java.net.BindException: Отказано в доступе
	at java.base/sun.nio.ch.Net.bind0(Native Method)
	at java.base/sun.nio.ch.Net.bind(Net.java:555)
	at java.base/sun.nio.ch.Net.bind(Net.java:544)
	at java.base/sun.nio.ch.NioSocketImpl.bind(NioSocketImpl.java:629)
	at java.base/java.net.ServerSocket.bind(ServerSocket.java:393)
	at java.base/java.net.ServerSocket.<init>(ServerSocket.java:275)
	at java.base/java.net.ServerSocket.<init>(ServerSocket.java:168)
	at com.khubla.telnet.TelnetServer.run(TelnetServer.java:64)
	at ru.levkopo.barsik.emu.MainKt.main(main.kt:171)
	at ru.levkopo.barsik.emu.MainKt.main(main.kt)
2024-11-21 13:24:26,644 ERROR [main] com.khubla.telnet.TelnetServer: Отказано в доступе
java.net.BindException: Отказано в доступе
	at java.base/sun.nio.ch.Net.bind0(Native Method)
	at java.base/sun.nio.ch.Net.bind(Net.java:555)
	at java.base/sun.nio.ch.Net.bind(Net.java:544)
	at java.base/sun.nio.ch.NioSocketImpl.bind(NioSocketImpl.java:629)
	at java.base/java.net.ServerSocket.bind(ServerSocket.java:393)
	at java.base/java.net.ServerSocket.<init>(ServerSocket.java:275)
	at java.base/java.net.ServerSocket.<init>(ServerSocket.java:168)
	at com.khubla.telnet.TelnetServer.run(TelnetServer.java:64)
	at ru.levkopo.barsik.emu.MainKt.main(main.kt:163)
	at ru.levkopo.barsik.emu.MainKt.main(main.kt)
